<?xml version="1.0" encoding="UTF-8"?>
<!-- Generated by org.testng.reporters.JUnitReportReporter -->
<testsuite skipped="0" hostname="Automata" name="ups.pack.testRunner.UpsLoginTest" tests="1" failures="0" timestamp="02 Dec 2019 22:51:55 GMT" time="2.023" errors="0">
  <testcase name="loginTest" time="2.023" classname="ups.pack.testRunner.UpsLoginTest"/>
</testsuite> <!-- ups.pack.testRunner.UpsLoginTest -->
